<?xml version="1.0" encoding="UTF-8"?>
<!-- Generated by org.testng.reporters.JUnitReportReporter -->
<testsuite hostname="Lenovo-pc" name="com.linktest.Task" tests="1" failures="0" timestamp="26 Jan 2019 01:36:45 GMT" time="0.197" errors="0">
  <testcase name="Verify_Home" time="0.197" classname="com.linktest.Task"/>
</testsuite> <!-- com.linktest.Task -->
