<?xml version="1.0" encoding="UTF-8"?>
<!-- Generated by org.testng.reporters.JUnitReportReporter -->
<testsuite skipped="0" hostname="Lenovo-pc" name="com.task.Reportgenrated" tests="1" failures="0" timestamp="24 Jan 2019 00:32:19 GMT" time="0.609" errors="0">
  <testcase name="logintest" time="0.609" classname="com.task.Reportgenrated"/>
</testsuite> <!-- com.task.Reportgenrated -->
